\BOOKMARK [0][-]{chapter*.1}{Prefacio}{}% 1
\BOOKMARK [0][-]{chapter.1}{Motivaciones para RG: Relatividad Especial y Gravitaci\363n newtoniana}{}% 2
\BOOKMARK [1][-]{section.1.1}{Distribuci\363n de energ\355a y mom\351ntum de la materia: tensor de energ\355a-mom\351ntum}{chapter.1}% 3
\BOOKMARK [2][-]{subsection.1.1.1}{Campo electromagn\351tico}{section.1.1}% 4
\BOOKMARK [2][-]{subsection.1.1.2}{Fluido perfecto}{section.1.1}% 5
\BOOKMARK [2][-]{subsection.1.1.3}{Fluido simple \(polvo\)}{section.1.1}% 6
\BOOKMARK [1][-]{section.1.2}{Ley de Gravitaci\363n universal}{chapter.1}% 7
\BOOKMARK [1][-]{section.1.3}{Masa inercial y masa gravitacional}{chapter.1}% 8
\BOOKMARK [2][-]{subsection.1.3.1}{Universalidad de la interacci\363n gravitacional, Principio de Equivalencia D\351bil}{section.1.3}% 9
\BOOKMARK [1][-]{section.1.4}{Fuerzas de marea}{chapter.1}% 10
\BOOKMARK [1][-]{section.1.5}{Observadores acelerados y gravedad: Versi\363n no-relativista}{chapter.1}% 11
\BOOKMARK [1][-]{section.1.6}{Principio de Equivalencia de Einstein y Sistemas de Referencia Localmente inerciales}{chapter.1}% 12
\BOOKMARK [1][-]{section.1.7}{Observadores acelerados y gravedad: Versi\363n relativista}{chapter.1}% 13
\BOOKMARK [0][-]{chapter.2}{An\341lisis tensorial y geometr\355a diferencial}{}% 14
\BOOKMARK [1][-]{section.2.1}{Variedades diferenciables}{chapter.2}% 15
\BOOKMARK [1][-]{section.2.2}{Escalares, vectores y tensores}{chapter.2}% 16
\BOOKMARK [2][-]{subsection.2.2.1}{Escalares}{section.2.2}% 17
\BOOKMARK [2][-]{subsection.2.2.2}{Vectores contravariantes}{section.2.2}% 18
\BOOKMARK [2][-]{subsection.2.2.3}{Vectores covariantes}{section.2.2}% 19
\BOOKMARK [2][-]{subsection.2.2.4}{Tensores}{section.2.2}% 20
\BOOKMARK [1][-]{section.2.3}{Algebra tensorial sobre variedades diferenciables}{chapter.2}% 21
\BOOKMARK [2][-]{subsection.2.3.1}{Multiplicaci\363n}{section.2.3}% 22
\BOOKMARK [2][-]{subsection.2.3.2}{Adici\363n}{section.2.3}% 23
\BOOKMARK [2][-]{subsection.2.3.3}{Contracci\363n}{section.2.3}% 24
\BOOKMARK [2][-]{subsection.2.3.4}{Permutaci\363n y \(Anti-\)Simetrizaci\363n}{section.2.3}% 25
\BOOKMARK [2][-]{subsection.2.3.5}{Invariancia de las ecuaciones tensoriales}{section.2.3}% 26
\BOOKMARK [1][-]{section.2.4}{M\351trica}{chapter.2}% 27
\BOOKMARK [2][-]{subsection.2.4.1}{Longitud, producto interior, \341ngulos}{section.2.4}% 28
\BOOKMARK [2][-]{subsection.2.4.2}{M\351trica Inversa}{section.2.4}% 29
\BOOKMARK [2][-]{subsection.2.4.3}{M\351trica inducida}{section.2.4}% 30
\BOOKMARK [2][-]{subsection.2.4.4}{Curvas geod\351sicas}{section.2.4}% 31
\BOOKMARK [2][-]{subsection.2.4.5}{Isometr\355as \(simetr\355as de la m\351trica\)}{section.2.4}% 32
\BOOKMARK [1][-]{section.2.5}{Conexi\363n, derivadas covariantes y transporte paralelo}{chapter.2}% 33
\BOOKMARK [2][-]{subsection.2.5.1}{Derivada parcial de campos tensoriales}{section.2.5}% 34
\BOOKMARK [2][-]{subsection.2.5.2}{Conexi\363n y derivada covariante de tensores}{section.2.5}% 35
\BOOKMARK [2][-]{subsection.2.5.3}{Transporte paralelo*}{section.2.5}% 36
\BOOKMARK [2][-]{subsection.2.5.4}{Integrabilidad*}{section.2.5}% 37
\BOOKMARK [2][-]{subsection.2.5.5}{No-conmutatividad de las derivadas covariantes, curvatura y torsi\363n}{section.2.5}% 38
\BOOKMARK [2][-]{subsection.2.5.6}{Interpretaci\363n geom\351trica de la curvatura*}{section.2.5}% 39
\BOOKMARK [2][-]{subsection.2.5.7}{Interpretaci\363n geom\351trica de la torsi\363n*}{section.2.5}% 40
\BOOKMARK [2][-]{subsection.2.5.8}{Curvas autoparalelas*}{section.2.5}% 41
\BOOKMARK [1][-]{section.2.6}{Geometr\355a riemanniana}{chapter.2}% 42
\BOOKMARK [2][-]{subsection.2.6.1}{Propiedades de los s\355mbolos de Christoffel}{section.2.6}% 43
\BOOKMARK [2][-]{subsection.2.6.2}{Espacios planos}{section.2.6}% 44
\BOOKMARK [2][-]{subsection.2.6.3}{Coordenadas geod\351sicas}{section.2.6}% 45
\BOOKMARK [2][-]{subsection.2.6.4}{Propiedades del tensor de Riemann}{section.2.6}% 46
\BOOKMARK [2][-]{subsection.2.6.5}{Tensor de Ricci, y escalar de curvatura}{section.2.6}% 47
\BOOKMARK [2][-]{subsection.2.6.6}{Identidades de Bianchi}{section.2.6}% 48
\BOOKMARK [0][-]{chapter.3}{La teor\355a de Einstein de la gravitaci\363n}{}% 49
\BOOKMARK [1][-]{section.3.1}{Gravitaci\363n como curvatura del espaciotiempo}{chapter.3}% 50
\BOOKMARK [1][-]{section.3.2}{M\351trica, trayectorias, tiempo propio y coordenadas}{chapter.3}% 51
\BOOKMARK [2][-]{subsection.3.2.1}{Sobre coordenadas tipo espacio, tipo tiempo y tipo luz}{section.3.2}% 52
\BOOKMARK [1][-]{section.3.3}{L\355mite Newtoniano}{chapter.3}% 53
\BOOKMARK [2][-]{subsection.3.3.1}{Redshift gravitacional en el l\355mite newtoniano}{section.3.3}% 54
\BOOKMARK [1][-]{section.3.4}{Ecuaciones de campo de Einstein}{chapter.3}% 55
\BOOKMARK [2][-]{subsection.3.4.1}{Fluido perfecto sin presi\363n y geod\351sicas*}{section.3.4}% 56
\BOOKMARK [1][-]{section.3.5}{La soluci\363n de Schwarzschild}{chapter.3}% 57
\BOOKMARK [2][-]{subsection.3.5.1}{Soluci\363n de Schwarzschild Exterior}{section.3.5}% 58
\BOOKMARK [2][-]{subsection.3.5.2}{Soluci\363n de Schwarzschild en coordenadas isotr\363picas}{section.3.5}% 59
\BOOKMARK [2][-]{subsection.3.5.3}{Geod\351sicas en la geometr\355a de Schwarzschild}{section.3.5}% 60
\BOOKMARK [2][-]{subsection.3.5.4}{Geod\351sicas tipo tiempo}{section.3.5}% 61
\BOOKMARK [2][-]{subsection.3.5.5}{Desv\355o de la luz}{section.3.5}% 62
\BOOKMARK [2][-]{subsection.3.5.6}{Redshift Gravitacional}{section.3.5}% 63
\BOOKMARK [2][-]{subsection.3.5.7}{Tiempo de Vuelo \(Efecto Shapiro\)*}{section.3.5}% 64
\BOOKMARK [0][-]{chapter.4}{Agujeros Negros ***PRELIMINAR***}{}% 65
\BOOKMARK [1][-]{section.4.1}{Singularidades y radio de Schwarzschild}{chapter.4}% 66
\BOOKMARK [2][-]{subsection.4.1.1}{Diagrama Espacio-Temporal en Coordenadas de Schwarzschild}{section.4.1}% 67
\BOOKMARK [2][-]{subsection.4.1.2}{Coordenadas de Eddington-Finkelstein}{section.4.1}% 68
\BOOKMARK [2][-]{subsection.4.1.3}{Part\355culas cayendo radialmente}{section.4.1}% 69
\BOOKMARK [1][-]{section.4.2}{Colapso gravitacional}{chapter.4}% 70
\BOOKMARK [0][-]{chapter.5}{Agujeros Negros Rotantes ***PRELIMINAR***}{}% 71
\BOOKMARK [1][-]{section.5.1}{Soluci\363n de Kerr}{chapter.5}% 72
\BOOKMARK [2][-]{subsection.5.1.1}{Singularidades y Horizontes de la Soluci\363n de Kerr}{section.5.1}% 73
\BOOKMARK [2][-]{subsection.5.1.2}{Geod\351sicas tipo luz}{section.5.1}% 74
\BOOKMARK [2][-]{subsection.5.1.3}{Diagrama Espacio-Temporal}{section.5.1}% 75
\BOOKMARK [2][-]{subsection.5.1.4}{L\355mite Estacionario y Observadores Estacionarios}{section.5.1}% 76
\BOOKMARK [1][-]{section.5.2}{Extracci\363n de Energ\355a de una Agujero Negro Rotante}{chapter.5}% 77
\BOOKMARK [2][-]{subsection.5.2.1}{Geod\351sicas tipo tiempo}{section.5.2}% 78
\BOOKMARK [2][-]{subsection.5.2.2}{Regi\363n de Energ\355a Negativa}{section.5.2}% 79
\BOOKMARK [2][-]{subsection.5.2.3}{Mecanismo de Penrose}{section.5.2}% 80
\BOOKMARK [0][-]{chapter.6}{Campos gravitacionales d\351biles y ondas gravitacionales}{}% 81
\BOOKMARK [1][-]{section.6.1}{Expansi\363n en potencias de G}{chapter.6}% 82
\BOOKMARK [2][-]{subsection.6.1.1}{Expansi\363n a primer orden}{section.6.1}% 83
\BOOKMARK [1][-]{section.6.2}{Ecuaciones de Einstein linealizadas}{chapter.6}% 84
\BOOKMARK [1][-]{section.6.3}{Transformaciones de gauge}{chapter.6}% 85
\BOOKMARK [2][-]{subsection.6.3.1}{Invariancia de gauge}{section.6.3}% 86
\BOOKMARK [2][-]{subsection.6.3.2}{Gauge de Lorenz}{section.6.3}% 87
\BOOKMARK [1][-]{section.6.4}{Ondas gravitacionales planas: dos polarizaciones}{chapter.6}% 88
\BOOKMARK [1][-]{section.6.5}{Efectos de una onda gravitacional: principio de un detector de ondas gravitacionales}{chapter.6}% 89
\BOOKMARK [1][-]{section.6.6}{Generaci\363n de ondas gravitacionales}{chapter.6}% 90
\BOOKMARK [2][-]{subsection.6.6.1}{Ejemplo}{section.6.6}% 91
\BOOKMARK [1][-]{section.6.7}{Expansi\363n hasta orden cuadr\341tico en G}{chapter.6}% 92
\BOOKMARK [1][-]{section.6.8}{Ecuaciones de Einstein a segundo orden}{chapter.6}% 93
\BOOKMARK [2][-]{subsection.6.8.1}{Gauges}{section.6.8}% 94
\BOOKMARK [2][-]{subsection.6.8.2}{Tensor de energ\355a-mom\351ntum del campo gravitacional: con gauges, en el vac\355o}{section.6.8}% 95
\BOOKMARK [1][-]{section.6.9}{F\363rmula cuadrupolar para la potencia radiada}{chapter.6}% 96
\BOOKMARK [2][-]{subsection.6.9.1}{Transformaci\363n de una onda plana}{section.6.9}% 97
\BOOKMARK [2][-]{subsection.6.9.2}{Transformaci\363n de ondas esf\351ricas en la zona de radiaci\363n}{section.6.9}% 98
\BOOKMARK [2][-]{subsection.6.9.3}{Ejemplo: Potencia radiada por un sistema binario}{section.6.9}% 99
\BOOKMARK [0][-]{chapter.7}{Elementos de Cosmolog\355a ***PRELIMINAR***}{}% 100
\BOOKMARK [1][-]{section.7.1}{Espacios de Curvatura constante}{chapter.7}% 101
\BOOKMARK [1][-]{section.7.2}{La m\351trica de Friedman-Lema\356tre-Robertson-Walker}{chapter.7}% 102
\BOOKMARK [1][-]{section.7.3}{Observadores com\363viles}{chapter.7}% 103
\BOOKMARK [1][-]{section.7.4}{Redshift Cosmol\363gico}{chapter.7}% 104
\BOOKMARK [1][-]{section.7.5}{Definiciones de Distancia}{chapter.7}% 105
\BOOKMARK [2][-]{subsection.7.5.1}{Paralaje Trigonom\351trico}{section.7.5}% 106
\BOOKMARK [2][-]{subsection.7.5.2}{Movimiento Propio}{section.7.5}% 107
\BOOKMARK [2][-]{subsection.7.5.3}{Luminosidad Aparente}{section.7.5}% 108
\BOOKMARK [2][-]{subsection.7.5.4}{Velas Estandar}{section.7.5}% 109
\BOOKMARK [2][-]{subsection.7.5.5}{Distancia de Luminosidad}{section.7.5}% 110
\BOOKMARK [2][-]{subsection.7.5.6}{Distancia Angular}{section.7.5}% 111
\BOOKMARK [1][-]{section.7.6}{Ecuaciones de Einstein}{chapter.7}% 112
\BOOKMARK [1][-]{section.7.7}{Datos experimentales, Modelos y Ajustes}{chapter.7}% 113
\BOOKMARK [0][-]{chapter.8}{Campo Gravitomagn\351tico ***PRELIMINAR***}{}% 114
\BOOKMARK [1][-]{section.8.1}{Introducci\363n}{chapter.8}% 115
\BOOKMARK [1][-]{section.8.2}{Caso de una distribuci\363n de materia no-relativista sin presi\363n}{chapter.8}% 116
\BOOKMARK [1][-]{section.8.3}{Ecuaci\363n de la geod\351sica para un cuerpo masivo en t\351rminos de los potenciales gravitomagn\351ticos.}{chapter.8}% 117
\BOOKMARK [2][-]{subsection.8.3.1}{Ecuaci\363n del movimiento de una part\355cula ligada no-relativista y definici\363n de los campos gravitomagn\351ticos}{section.8.3}% 118
\BOOKMARK [2][-]{subsection.8.3.2}{Forma de Maxwell de las Ecuaciones del campo gravitacional*}{section.8.3}% 119
\BOOKMARK [1][-]{section.8.4}{Campo gravitomagn\351tico producido por una distribuci\363n de masa esf\351ricamente sim\351trica y estacionaria que rota lentamente en torno a un eje fijo.}{chapter.8}% 120
\BOOKMARK [2][-]{subsection.8.4.1}{Geometr\355a del espaciotiempo fuera de la distribuci\363n de masa esf\351rica rotante}{section.8.4}% 121
\BOOKMARK [1][-]{section.8.5}{Estudio de \363rbitas y resoluci\363n perturbativa de la ecuaci\363n del movimiento para una part\355cula ligada y no-relativista en el espaciotiempo fuera de una esfera rotante.}{chapter.8}% 122
\BOOKMARK [1][-]{section.8.6}{Precesi\363n Relativista de Gir\363scopos}{chapter.8}% 123
\BOOKMARK [2][-]{subsection.8.6.1}{Gir\363scopos y 4-vector de spin}{section.8.6}% 124
\BOOKMARK [2][-]{subsection.8.6.2}{Determinaci\363n de la velocidad angular de precesi\363n del spin de un gir\363scopo movi\351ndose en una geod\351sica bajo la acci\363n del campo gravitomagn\351tico.}{section.8.6}% 125
\BOOKMARK [2][-]{subsection.8.6.3}{Predicci\363n de la teor\355a para un gir\363scopo que orbita la Tierra y que intenta medir el GPB}{section.8.6}% 126
\BOOKMARK [0][-]{chapter.9}{Equilibrio Estelar Newtoniano}{}% 127
\BOOKMARK [1][-]{section.9.1}{Ecuaciones de equilibrio}{chapter.9}% 128
\BOOKMARK [1][-]{section.9.2}{Resolviendo las ecuaciones de estructura}{chapter.9}% 129
\BOOKMARK [1][-]{section.9.3}{Soluci\363n: Densidad constante}{chapter.9}% 130
\BOOKMARK [2][-]{subsection.9.3.1}{Obteniendo la presi\363n P\(r\)}{section.9.3}% 131
\BOOKMARK [2][-]{subsection.9.3.2}{Validez de la descripci\363n newtoniana}{section.9.3}% 132
\BOOKMARK [1][-]{section.9.4}{Soluci\363n: Estrellas politr\363picas}{chapter.9}% 133
\BOOKMARK [2][-]{subsection.9.4.1}{Ecuaci\363n de Lane-Emden}{section.9.4}% 134
\BOOKMARK [2][-]{subsection.9.4.2}{Propiedades f\355sicas de las funciones de Lane-Emden}{section.9.4}% 135
\BOOKMARK [2][-]{subsection.9.4.3}{Soluciones exactas de la ecuaci\363n de Lane-Emden}{section.9.4}% 136
\BOOKMARK [2][-]{subsection.9.4.4}{Soluciones num\351ricas de la ecuaci\363n de Lane-Emden}{section.9.4}% 137
\BOOKMARK [2][-]{subsection.9.4.5}{Comportamiento f\355sico de algunas soluciones particulares}{section.9.4}% 138
\BOOKMARK [1][-]{section.9.5}{Soluci\363n exacta para gas de Fermi}{chapter.9}% 139
\BOOKMARK [2][-]{subsection.9.5.1}{Ecuaci\363n de estructura de Fermi}{section.9.5}% 140
\BOOKMARK [2][-]{subsection.9.5.2}{Propiedades f\355sicas de la ecuaci\363n de estructura de Fermi}{section.9.5}% 141
\BOOKMARK [2][-]{subsection.9.5.3}{Casos l\355mite de las soluciones}{section.9.5}% 142
\BOOKMARK [2][-]{subsection.9.5.4}{Soluci\363n num\351rica de la ecuaci\363n de estructura de Fermi}{section.9.5}% 143
\BOOKMARK [1][-]{section.9.6}{Aplicaci\363n: Estrellas degeneradas}{chapter.9}% 144
\BOOKMARK [2][-]{subsection.9.6.1}{Enanas blancas}{section.9.6}% 145
\BOOKMARK [2][-]{subsection.9.6.2}{Estrellas de neutrones}{section.9.6}% 146
\BOOKMARK [0][-]{chapter.10}{Equilibrio Estelar Relativista}{}% 147
\BOOKMARK [1][-]{section.10.1}{M\351trica de Schwarzschild interna}{chapter.10}% 148
\BOOKMARK [2][-]{subsection.10.1.1}{Ecuaciones de Einstein para un fluido ideal}{section.10.1}% 149
\BOOKMARK [2][-]{subsection.10.1.2}{M\351trica de Schwarzschild interior}{section.10.1}% 150
\BOOKMARK [1][-]{section.10.2}{Ecuaci\363n de Tolman-Oppenheimer-Volkoff}{chapter.10}% 151
\BOOKMARK [2][-]{subsection.10.2.1}{Ecuaciones de Estructura Estelar}{section.10.2}% 152
\BOOKMARK [2][-]{subsection.10.2.2}{Propiedades de la ecuaci\363n TOV}{section.10.2}% 153
\BOOKMARK [1][-]{section.10.3}{Soluci\363n: Densidad constante}{chapter.10}% 154
\BOOKMARK [2][-]{subsection.10.3.1}{Obteniendo la presi\363n P\(r\) relativista}{section.10.3}% 155
\BOOKMARK [2][-]{subsection.10.3.2}{Obteniendo los coeficientes m\351tricos}{section.10.3}% 156
\BOOKMARK [2][-]{subsection.10.3.3}{Estabilidad de la soluci\363n}{section.10.3}% 157
\BOOKMARK [1][-]{section.10.4}{Soluci\363n num\351rica para gas ideal de Fermi}{chapter.10}% 158
\BOOKMARK [2][-]{subsection.10.4.1}{Reducci\363n de las ecuaciones a la forma de OV}{section.10.4}% 159
\BOOKMARK [2][-]{subsection.10.4.2}{M\351todo y Gr\341ficos}{section.10.4}% 160
\BOOKMARK [0][-]{appendix.Alph1}{Problema de Kepler Newtoniano}{}% 161
\BOOKMARK [0][-]{appendix.Alph2}{Constantes F\355sicas \(S.I.\)}{}% 162
\BOOKMARK [0][-]{appendix.Alph3}{Enanas Blancas y Estrellas de Neutrones: Rese\361a Hist\363rica}{}% 163
\BOOKMARK [0][-]{appendix.Alph4}{Nociones de Termodin\341mica}{}% 164
\BOOKMARK [1][-]{section.Alph4.1}{Primera ley de la Termodin\341mica}{appendix.Alph4}% 165
\BOOKMARK [1][-]{section.Alph4.2}{Ecuaci\363n de estado adiab\341tica o politr\363pica}{appendix.Alph4}% 166
\BOOKMARK [1][-]{section.Alph4.3}{Involucrando la Temperatura y Entrop\355a}{appendix.Alph4}% 167
\BOOKMARK [1][-]{section.Alph4.4}{Ecuaciones de estado de Fermi}{appendix.Alph4}% 168
\BOOKMARK [2][-]{subsection.Alph4.4.1}{Definiciones estad\355sticas}{section.Alph4.4}% 169
\BOOKMARK [2][-]{subsection.Alph4.4.2}{Funci\363n de distribuci\363n de Fermi}{section.Alph4.4}% 170
\BOOKMARK [2][-]{subsection.Alph4.4.3}{Ecuaci\363n de estado de Fermi exacta}{section.Alph4.4}% 171
\BOOKMARK [2][-]{subsection.Alph4.4.4}{Ecuaciones de estado de Fermi aproximadas}{section.Alph4.4}% 172
\BOOKMARK [0][-]{appendix*.59}{Bibliograf\355a}{}% 173
